2025-05-29 16:40:16,898 - logger - INFO - define_bs_do_sms.py - main - Running 2nd program from 2025-05-19T14-07-16 directory
2025-05-29 16:40:16,968 - logger - INFO - run_pq.py - run_pq - Creating PatternQuerry configs
2025-05-29 16:40:17,105 - logger - INFO - run_pq.py - run_pq - STDOUT: Queries 1.1.23.12.27b, (c) David Sehnal
2025-05-29 16:40:17,105 - logger - INFO - run_pq.py - run_pq - STDOUT: 
2025-05-29 16:40:17,944 - logger - INFO - run_pq.py - run_pq - STDOUT: [05/29/2025 14:40:17 UTC] [1/1] 0_1n04: Patterns 1 Load 139ms Query 36ms.
2025-05-29 16:40:17,968 - logger - INFO - run_pq.py - run_pq - STDOUT: [05/29/2025 14:40:17 UTC] Waiting for query tasks to finish...
2025-05-29 16:40:17,993 - logger - INFO - run_pq.py - run_pq - STDOUT: [05/29/2025 14:40:17 UTC] Processing Metadata...
2025-05-29 16:40:17,996 - logger - INFO - run_pq.py - run_pq - STDOUT: [05/29/2025 14:40:17 UTC] Exporting...
2025-05-29 16:40:18,039 - logger - INFO - run_pq.py - run_pq - STDOUT: [05/29/2025 14:40:18 UTC] Found 1 patterns in 00:00:00.2810314.
2025-05-29 16:40:18,074 - logger - INFO - run_pq.py - run_pq - PQ process completed successfully
2025-05-29 16:40:18,074 - logger - INFO - run_pq.py - extract_results - Extractiong results
2025-05-29 16:40:18,220 - logger - INFO - run_pq.py - run_pq - STDOUT: Queries 1.1.23.12.27b, (c) David Sehnal
2025-05-29 16:40:18,221 - logger - INFO - run_pq.py - run_pq - STDOUT: 
2025-05-29 16:40:19,080 - logger - INFO - run_pq.py - run_pq - STDOUT: [05/29/2025 14:40:19 UTC] [1/1] 0_1odu: Patterns 2 Load 151ms Query 38ms.
2025-05-29 16:40:19,104 - logger - INFO - run_pq.py - run_pq - STDOUT: [05/29/2025 14:40:19 UTC] Waiting for query tasks to finish...
2025-05-29 16:40:19,132 - logger - INFO - run_pq.py - run_pq - STDOUT: [05/29/2025 14:40:19 UTC] Processing Metadata...
2025-05-29 16:40:19,136 - logger - INFO - run_pq.py - run_pq - STDOUT: [05/29/2025 14:40:19 UTC] Exporting...
2025-05-29 16:40:19,183 - logger - INFO - run_pq.py - run_pq - STDOUT: [05/29/2025 14:40:19 UTC] Found 2 patterns in 00:00:00.3032033.
2025-05-29 16:40:19,217 - logger - INFO - run_pq.py - run_pq - PQ process completed successfully
2025-05-29 16:40:19,218 - logger - INFO - run_pq.py - extract_results - Extractiong results
2025-05-29 16:40:19,363 - logger - INFO - run_pq.py - run_pq - STDOUT: Queries 1.1.23.12.27b, (c) David Sehnal
2025-05-29 16:40:19,364 - logger - INFO - run_pq.py - run_pq - STDOUT: 
2025-05-29 16:40:20,242 - logger - INFO - run_pq.py - run_pq - STDOUT: [05/29/2025 14:40:20 UTC] [1/1] A_1ofz: Patterns 8 Load 149ms Query 46ms.
2025-05-29 16:40:20,267 - logger - INFO - run_pq.py - run_pq - STDOUT: [05/29/2025 14:40:20 UTC] Waiting for query tasks to finish...
2025-05-29 16:40:20,312 - logger - INFO - run_pq.py - run_pq - STDOUT: [05/29/2025 14:40:20 UTC] Processing Metadata...
2025-05-29 16:40:20,316 - logger - INFO - run_pq.py - run_pq - STDOUT: [05/29/2025 14:40:20 UTC] Exporting...
2025-05-29 16:40:20,369 - logger - INFO - run_pq.py - run_pq - STDOUT: [05/29/2025 14:40:20 UTC] Found 8 patterns in 00:00:00.3330357.
2025-05-29 16:40:20,405 - logger - INFO - run_pq.py - run_pq - PQ process completed successfully
2025-05-29 16:40:20,406 - logger - INFO - run_pq.py - extract_results - Extractiong results
2025-05-29 16:40:20,555 - logger - INFO - run_pq.py - run_pq - STDOUT: Queries 1.1.23.12.27b, (c) David Sehnal
2025-05-29 16:40:20,555 - logger - INFO - run_pq.py - run_pq - STDOUT: 
2025-05-29 16:40:21,414 - logger - INFO - run_pq.py - run_pq - STDOUT: [05/29/2025 14:40:21 UTC] [1/1] B_1ofz: Patterns 6 Load 146ms Query 40ms.
2025-05-29 16:40:21,439 - logger - INFO - run_pq.py - run_pq - STDOUT: [05/29/2025 14:40:21 UTC] Waiting for query tasks to finish...
2025-05-29 16:40:21,477 - logger - INFO - run_pq.py - run_pq - STDOUT: [05/29/2025 14:40:21 UTC] Processing Metadata...
2025-05-29 16:40:21,481 - logger - INFO - run_pq.py - run_pq - STDOUT: [05/29/2025 14:40:21 UTC] Exporting...
2025-05-29 16:40:21,529 - logger - INFO - run_pq.py - run_pq - STDOUT: [05/29/2025 14:40:21 UTC] Found 6 patterns in 00:00:00.3110948.
2025-05-29 16:40:21,564 - logger - INFO - run_pq.py - run_pq - PQ process completed successfully
2025-05-29 16:40:21,565 - logger - INFO - run_pq.py - extract_results - Extractiong results
2025-05-29 16:40:21,754 - logger - INFO - run_pq.py - run_pq - STDOUT: Queries 1.1.23.12.27b, (c) David Sehnal
2025-05-29 16:40:21,755 - logger - INFO - run_pq.py - run_pq - STDOUT: 
2025-05-29 16:40:22,592 - logger - INFO - run_pq.py - run_pq - STDOUT: [05/29/2025 14:40:22 UTC] [1/1] A_1oxc: Patterns 2 Load 128ms Query 38ms.
2025-05-29 16:40:22,617 - logger - INFO - run_pq.py - run_pq - STDOUT: [05/29/2025 14:40:22 UTC] Waiting for query tasks to finish...
2025-05-29 16:40:22,642 - logger - INFO - run_pq.py - run_pq - STDOUT: [05/29/2025 14:40:22 UTC] Processing Metadata...
2025-05-29 16:40:22,645 - logger - INFO - run_pq.py - run_pq - STDOUT: [05/29/2025 14:40:22 UTC] Exporting...
2025-05-29 16:40:22,693 - logger - INFO - run_pq.py - run_pq - STDOUT: [05/29/2025 14:40:22 UTC] Found 2 patterns in 00:00:00.2775781.
2025-05-29 16:40:22,730 - logger - INFO - run_pq.py - run_pq - PQ process completed successfully
2025-05-29 16:40:22,730 - logger - INFO - run_pq.py - extract_results - Extractiong results
2025-05-29 16:40:22,879 - logger - INFO - run_pq.py - run_pq - STDOUT: Queries 1.1.23.12.27b, (c) David Sehnal
2025-05-29 16:40:22,879 - logger - INFO - run_pq.py - run_pq - STDOUT: 
2025-05-29 16:40:23,742 - logger - INFO - run_pq.py - run_pq - STDOUT: [05/29/2025 14:40:23 UTC] [1/1] B_2eae: Patterns 1 Load 154ms Query 38ms.
2025-05-29 16:40:23,766 - logger - INFO - run_pq.py - run_pq - STDOUT: [05/29/2025 14:40:23 UTC] Waiting for query tasks to finish...
2025-05-29 16:40:23,790 - logger - INFO - run_pq.py - run_pq - STDOUT: [05/29/2025 14:40:23 UTC] Processing Metadata...
2025-05-29 16:40:23,793 - logger - INFO - run_pq.py - run_pq - STDOUT: [05/29/2025 14:40:23 UTC] Exporting...
2025-05-29 16:40:23,839 - logger - INFO - run_pq.py - run_pq - STDOUT: [05/29/2025 14:40:23 UTC] Found 1 patterns in 00:00:00.3001681.
2025-05-29 16:40:23,873 - logger - INFO - run_pq.py - run_pq - PQ process completed successfully
2025-05-29 16:40:23,873 - logger - INFO - run_pq.py - extract_results - Extractiong results
2025-05-29 16:40:24,013 - logger - INFO - run_pq.py - run_pq - STDOUT: Queries 1.1.23.12.27b, (c) David Sehnal
2025-05-29 16:40:24,014 - logger - INFO - run_pq.py - run_pq - STDOUT: 
2025-05-29 16:40:24,841 - logger - INFO - run_pq.py - run_pq - STDOUT: [05/29/2025 14:40:24 UTC] [1/1] 0_2j1s: Patterns 2 Load 122ms Query 38ms.
2025-05-29 16:40:24,868 - logger - INFO - run_pq.py - run_pq - STDOUT: [05/29/2025 14:40:24 UTC] Waiting for query tasks to finish...
2025-05-29 16:40:24,891 - logger - INFO - run_pq.py - run_pq - STDOUT: [05/29/2025 14:40:24 UTC] Processing Metadata...
2025-05-29 16:40:24,895 - logger - INFO - run_pq.py - run_pq - STDOUT: [05/29/2025 14:40:24 UTC] Exporting...
2025-05-29 16:40:24,941 - logger - INFO - run_pq.py - run_pq - STDOUT: [05/29/2025 14:40:24 UTC] Found 2 patterns in 00:00:00.2708937.
2025-05-29 16:40:24,972 - logger - INFO - run_pq.py - run_pq - PQ process completed successfully
2025-05-29 16:40:24,972 - logger - INFO - run_pq.py - extract_results - Extractiong results
2025-05-29 16:40:25,118 - logger - INFO - run_pq.py - run_pq - STDOUT: Queries 1.1.23.12.27b, (c) David Sehnal
2025-05-29 16:40:25,118 - logger - INFO - run_pq.py - run_pq - STDOUT: 
2025-05-29 16:40:25,971 - logger - INFO - run_pq.py - run_pq - STDOUT: [05/29/2025 14:40:25 UTC] [1/1] 0_3agv: Patterns 1 Load 137ms Query 37ms.
2025-05-29 16:40:25,997 - logger - INFO - run_pq.py - run_pq - STDOUT: [05/29/2025 14:40:25 UTC] Waiting for query tasks to finish...
2025-05-29 16:40:26,018 - logger - INFO - run_pq.py - run_pq - STDOUT: [05/29/2025 14:40:26 UTC] Processing Metadata...
2025-05-29 16:40:26,022 - logger - INFO - run_pq.py - run_pq - STDOUT: [05/29/2025 14:40:26 UTC] Exporting...
2025-05-29 16:40:26,068 - logger - INFO - run_pq.py - run_pq - STDOUT: [05/29/2025 14:40:26 UTC] Found 1 patterns in 00:00:00.2809230.
2025-05-29 16:40:26,102 - logger - INFO - run_pq.py - run_pq - PQ process completed successfully
2025-05-29 16:40:26,102 - logger - INFO - run_pq.py - extract_results - Extractiong results
2025-05-29 16:40:26,296 - logger - INFO - run_pq.py - run_pq - STDOUT: Queries 1.1.23.12.27b, (c) David Sehnal
2025-05-29 16:40:26,297 - logger - INFO - run_pq.py - run_pq - STDOUT: 
2025-05-29 16:40:27,144 - logger - INFO - run_pq.py - run_pq - STDOUT: [05/29/2025 14:40:27 UTC] [1/1] 0_3q3a: Patterns 1 Load 146ms Query 37ms.
2025-05-29 16:40:27,169 - logger - INFO - run_pq.py - run_pq - STDOUT: [05/29/2025 14:40:27 UTC] Waiting for query tasks to finish...
2025-05-29 16:40:27,192 - logger - INFO - run_pq.py - run_pq - STDOUT: [05/29/2025 14:40:27 UTC] Processing Metadata...
2025-05-29 16:40:27,196 - logger - INFO - run_pq.py - run_pq - STDOUT: [05/29/2025 14:40:27 UTC] Exporting...
2025-05-29 16:40:27,238 - logger - INFO - run_pq.py - run_pq - STDOUT: [05/29/2025 14:40:27 UTC] Found 1 patterns in 00:00:00.2859358.
2025-05-29 16:40:27,271 - logger - INFO - run_pq.py - run_pq - PQ process completed successfully
2025-05-29 16:40:27,271 - logger - INFO - run_pq.py - extract_results - Extractiong results
2025-05-29 16:40:27,414 - logger - INFO - run_pq.py - run_pq - STDOUT: Queries 1.1.23.12.27b, (c) David Sehnal
2025-05-29 16:40:27,414 - logger - INFO - run_pq.py - run_pq - STDOUT: 
2025-05-29 16:40:28,216 - logger - INFO - run_pq.py - run_pq - STDOUT: [05/29/2025 14:40:28 UTC] [1/1] 0_3zi8: Patterns 1 Load 101ms Query 36ms.
2025-05-29 16:40:28,240 - logger - INFO - run_pq.py - run_pq - STDOUT: [05/29/2025 14:40:28 UTC] Waiting for query tasks to finish...
2025-05-29 16:40:28,261 - logger - INFO - run_pq.py - run_pq - STDOUT: [05/29/2025 14:40:28 UTC] Processing Metadata...
2025-05-29 16:40:28,264 - logger - INFO - run_pq.py - run_pq - STDOUT: [05/29/2025 14:40:28 UTC] Exporting...
2025-05-29 16:40:28,307 - logger - INFO - run_pq.py - run_pq - STDOUT: [05/29/2025 14:40:28 UTC] Found 1 patterns in 00:00:00.2379323.
2025-05-29 16:40:28,336 - logger - INFO - run_pq.py - run_pq - PQ process completed successfully
2025-05-29 16:40:28,337 - logger - INFO - run_pq.py - extract_results - Extractiong results
2025-05-29 16:40:28,484 - logger - INFO - run_pq.py - run_pq - STDOUT: Queries 1.1.23.12.27b, (c) David Sehnal
2025-05-29 16:40:28,485 - logger - INFO - run_pq.py - run_pq - STDOUT: 
2025-05-29 16:40:29,523 - logger - INFO - run_pq.py - run_pq - STDOUT: [05/29/2025 14:40:29 UTC] [1/1] 0_4a34: Patterns 20 Load 288ms Query 59ms.
2025-05-29 16:40:29,548 - logger - INFO - run_pq.py - run_pq - STDOUT: [05/29/2025 14:40:29 UTC] Waiting for query tasks to finish...
2025-05-29 16:40:29,645 - logger - INFO - run_pq.py - run_pq - STDOUT: [05/29/2025 14:40:29 UTC] Processing Metadata...
2025-05-29 16:40:29,649 - logger - INFO - run_pq.py - run_pq - STDOUT: [05/29/2025 14:40:29 UTC] Exporting...
2025-05-29 16:40:29,718 - logger - INFO - run_pq.py - run_pq - STDOUT: [05/29/2025 14:40:29 UTC] Found 20 patterns in 00:00:00.5526108.
2025-05-29 16:40:29,754 - logger - INFO - run_pq.py - run_pq - PQ process completed successfully
2025-05-29 16:40:29,754 - logger - INFO - run_pq.py - extract_results - Extractiong results
2025-05-29 16:40:29,921 - logger - INFO - run_pq.py - run_pq - STDOUT: Queries 1.1.23.12.27b, (c) David Sehnal
2025-05-29 16:40:29,922 - logger - INFO - run_pq.py - run_pq - STDOUT: 
2025-05-29 16:40:30,817 - logger - INFO - run_pq.py - run_pq - STDOUT: [05/29/2025 14:40:30 UTC] [1/1] 0_4gvx: Patterns 4 Load 180ms Query 40ms.
2025-05-29 16:40:30,843 - logger - INFO - run_pq.py - run_pq - STDOUT: [05/29/2025 14:40:30 UTC] Waiting for query tasks to finish...
2025-05-29 16:40:30,884 - logger - INFO - run_pq.py - run_pq - STDOUT: [05/29/2025 14:40:30 UTC] Processing Metadata...
2025-05-29 16:40:30,888 - logger - INFO - run_pq.py - run_pq - STDOUT: [05/29/2025 14:40:30 UTC] Exporting...
2025-05-29 16:40:30,937 - logger - INFO - run_pq.py - run_pq - STDOUT: [05/29/2025 14:40:30 UTC] Found 4 patterns in 00:00:00.3503001.
2025-05-29 16:40:30,970 - logger - INFO - run_pq.py - run_pq - PQ process completed successfully
2025-05-29 16:40:30,971 - logger - INFO - run_pq.py - extract_results - Extractiong results
2025-05-29 16:40:31,163 - logger - INFO - run_pq.py - run_pq - STDOUT: Queries 1.1.23.12.27b, (c) David Sehnal
2025-05-29 16:40:31,163 - logger - INFO - run_pq.py - run_pq - STDOUT: 
2025-05-29 16:40:31,978 - logger - INFO - run_pq.py - run_pq - STDOUT: [05/29/2025 14:40:31 UTC] [1/1] A_4i6s: Patterns 1 Load 115ms Query 37ms.
2025-05-29 16:40:32,003 - logger - INFO - run_pq.py - run_pq - STDOUT: [05/29/2025 14:40:32 UTC] Waiting for query tasks to finish...
2025-05-29 16:40:32,026 - logger - INFO - run_pq.py - run_pq - STDOUT: [05/29/2025 14:40:32 UTC] Processing Metadata...
2025-05-29 16:40:32,030 - logger - INFO - run_pq.py - run_pq - STDOUT: [05/29/2025 14:40:32 UTC] Exporting...
2025-05-29 16:40:32,074 - logger - INFO - run_pq.py - run_pq - STDOUT: [05/29/2025 14:40:32 UTC] Found 1 patterns in 00:00:00.2576377.
2025-05-29 16:40:32,106 - logger - INFO - run_pq.py - run_pq - PQ process completed successfully
2025-05-29 16:40:32,106 - logger - INFO - run_pq.py - extract_results - Extractiong results
2025-05-29 16:40:32,248 - logger - INFO - run_pq.py - run_pq - STDOUT: Queries 1.1.23.12.27b, (c) David Sehnal
2025-05-29 16:40:32,249 - logger - INFO - run_pq.py - run_pq - STDOUT: 
2025-05-29 16:40:33,077 - logger - INFO - run_pq.py - run_pq - STDOUT: [05/29/2025 14:40:33 UTC] [1/1] B_4i6s: Patterns 4 Load 113ms Query 41ms.
2025-05-29 16:40:33,102 - logger - INFO - run_pq.py - run_pq - STDOUT: [05/29/2025 14:40:33 UTC] Waiting for query tasks to finish...
2025-05-29 16:40:33,134 - logger - INFO - run_pq.py - run_pq - STDOUT: [05/29/2025 14:40:33 UTC] Processing Metadata...
2025-05-29 16:40:33,138 - logger - INFO - run_pq.py - run_pq - STDOUT: [05/29/2025 14:40:33 UTC] Exporting...
2025-05-29 16:40:33,183 - logger - INFO - run_pq.py - run_pq - STDOUT: [05/29/2025 14:40:33 UTC] Found 4 patterns in 00:00:00.2706824.
2025-05-29 16:40:33,214 - logger - INFO - run_pq.py - run_pq - PQ process completed successfully
2025-05-29 16:40:33,214 - logger - INFO - run_pq.py - extract_results - Extractiong results
2025-05-29 16:40:33,365 - logger - INFO - run_pq.py - run_pq - STDOUT: Queries 1.1.23.12.27b, (c) David Sehnal
2025-05-29 16:40:33,366 - logger - INFO - run_pq.py - run_pq - STDOUT: 
2025-05-29 16:40:34,359 - logger - INFO - run_pq.py - run_pq - STDOUT: [05/29/2025 14:40:34 UTC] [1/1] A_4psr: Patterns 2 Load 277ms Query 43ms.
2025-05-29 16:40:34,384 - logger - INFO - run_pq.py - run_pq - STDOUT: [05/29/2025 14:40:34 UTC] Waiting for query tasks to finish...
2025-05-29 16:40:34,420 - logger - INFO - run_pq.py - run_pq - STDOUT: [05/29/2025 14:40:34 UTC] Processing Metadata...
2025-05-29 16:40:34,424 - logger - INFO - run_pq.py - run_pq - STDOUT: [05/29/2025 14:40:34 UTC] Exporting...
2025-05-29 16:40:34,470 - logger - INFO - run_pq.py - run_pq - STDOUT: [05/29/2025 14:40:34 UTC] Found 2 patterns in 00:00:00.4414901.
2025-05-29 16:40:34,505 - logger - INFO - run_pq.py - run_pq - PQ process completed successfully
2025-05-29 16:40:34,505 - logger - INFO - run_pq.py - extract_results - Extractiong results
2025-05-29 16:40:34,653 - logger - INFO - run_pq.py - run_pq - STDOUT: Queries 1.1.23.12.27b, (c) David Sehnal
2025-05-29 16:40:34,654 - logger - INFO - run_pq.py - run_pq - STDOUT: 
2025-05-29 16:40:35,639 - logger - INFO - run_pq.py - run_pq - STDOUT: [05/29/2025 14:40:35 UTC] [1/1] B_4psr: Patterns 2 Load 276ms Query 42ms.
2025-05-29 16:40:35,663 - logger - INFO - run_pq.py - run_pq - STDOUT: [05/29/2025 14:40:35 UTC] Waiting for query tasks to finish...
2025-05-29 16:40:35,700 - logger - INFO - run_pq.py - run_pq - STDOUT: [05/29/2025 14:40:35 UTC] Processing Metadata...
2025-05-29 16:40:35,704 - logger - INFO - run_pq.py - run_pq - STDOUT: [05/29/2025 14:40:35 UTC] Exporting...
2025-05-29 16:40:35,749 - logger - INFO - run_pq.py - run_pq - STDOUT: [05/29/2025 14:40:35 UTC] Found 2 patterns in 00:00:00.4374394.
2025-05-29 16:40:35,785 - logger - INFO - run_pq.py - run_pq - PQ process completed successfully
2025-05-29 16:40:35,785 - logger - INFO - run_pq.py - extract_results - Extractiong results
2025-05-29 16:40:35,975 - logger - INFO - run_pq.py - run_pq - STDOUT: Queries 1.1.23.12.27b, (c) David Sehnal
2025-05-29 16:40:35,976 - logger - INFO - run_pq.py - run_pq - STDOUT: 
2025-05-29 16:40:36,833 - logger - INFO - run_pq.py - run_pq - STDOUT: [05/29/2025 14:40:36 UTC] [1/1] 0_4xpq: Patterns 3 Load 147ms Query 38ms.
2025-05-29 16:40:36,857 - logger - INFO - run_pq.py - run_pq - STDOUT: [05/29/2025 14:40:36 UTC] Waiting for query tasks to finish...
2025-05-29 16:40:36,884 - logger - INFO - run_pq.py - run_pq - STDOUT: [05/29/2025 14:40:36 UTC] Processing Metadata...
2025-05-29 16:40:36,888 - logger - INFO - run_pq.py - run_pq - STDOUT: [05/29/2025 14:40:36 UTC] Exporting...
2025-05-29 16:40:36,936 - logger - INFO - run_pq.py - run_pq - STDOUT: [05/29/2025 14:40:36 UTC] Found 3 patterns in 00:00:00.2990149.
2025-05-29 16:40:36,971 - logger - INFO - run_pq.py - run_pq - PQ process completed successfully
2025-05-29 16:40:36,971 - logger - INFO - run_pq.py - extract_results - Extractiong results
2025-05-29 16:40:37,119 - logger - INFO - run_pq.py - run_pq - STDOUT: Queries 1.1.23.12.27b, (c) David Sehnal
2025-05-29 16:40:37,119 - logger - INFO - run_pq.py - run_pq - STDOUT: 
2025-05-29 16:40:37,985 - logger - INFO - run_pq.py - run_pq - STDOUT: [05/29/2025 14:40:37 UTC] [1/1] 0_4z4r: Patterns 4 Load 147ms Query 41ms.
2025-05-29 16:40:38,011 - logger - INFO - run_pq.py - run_pq - STDOUT: [05/29/2025 14:40:38 UTC] Waiting for query tasks to finish...
2025-05-29 16:40:38,039 - logger - INFO - run_pq.py - run_pq - STDOUT: [05/29/2025 14:40:38 UTC] Processing Metadata...
2025-05-29 16:40:38,044 - logger - INFO - run_pq.py - run_pq - STDOUT: [05/29/2025 14:40:38 UTC] Exporting...
2025-05-29 16:40:38,095 - logger - INFO - run_pq.py - run_pq - STDOUT: [05/29/2025 14:40:38 UTC] Found 4 patterns in 00:00:00.3079946.
2025-05-29 16:40:38,132 - logger - INFO - run_pq.py - run_pq - PQ process completed successfully
2025-05-29 16:40:38,132 - logger - INFO - run_pq.py - extract_results - Extractiong results
2025-05-29 16:40:38,282 - logger - INFO - run_pq.py - run_pq - STDOUT: Queries 1.1.23.12.27b, (c) David Sehnal
2025-05-29 16:40:38,283 - logger - INFO - run_pq.py - run_pq - STDOUT: 
2025-05-29 16:40:39,148 - logger - INFO - run_pq.py - run_pq - STDOUT: [05/29/2025 14:40:39 UTC] [1/1] 0_4z4s: Patterns 4 Load 146ms Query 39ms.
2025-05-29 16:40:39,173 - logger - INFO - run_pq.py - run_pq - STDOUT: [05/29/2025 14:40:39 UTC] Waiting for query tasks to finish...
2025-05-29 16:40:39,200 - logger - INFO - run_pq.py - run_pq - STDOUT: [05/29/2025 14:40:39 UTC] Processing Metadata...
2025-05-29 16:40:39,204 - logger - INFO - run_pq.py - run_pq - STDOUT: [05/29/2025 14:40:39 UTC] Exporting...
2025-05-29 16:40:39,256 - logger - INFO - run_pq.py - run_pq - STDOUT: [05/29/2025 14:40:39 UTC] Found 4 patterns in 00:00:00.3038033.
2025-05-29 16:40:39,289 - logger - INFO - run_pq.py - run_pq - PQ process completed successfully
2025-05-29 16:40:39,290 - logger - INFO - run_pq.py - extract_results - Extractiong results
2025-05-29 16:40:39,437 - logger - INFO - run_pq.py - run_pq - STDOUT: Queries 1.1.23.12.27b, (c) David Sehnal
2025-05-29 16:40:39,438 - logger - INFO - run_pq.py - run_pq - STDOUT: 
2025-05-29 16:40:40,302 - logger - INFO - run_pq.py - run_pq - STDOUT: [05/29/2025 14:40:40 UTC] [1/1] 0_4z4t: Patterns 4 Load 146ms Query 39ms.
2025-05-29 16:40:40,328 - logger - INFO - run_pq.py - run_pq - STDOUT: [05/29/2025 14:40:40 UTC] Waiting for query tasks to finish...
2025-05-29 16:40:40,357 - logger - INFO - run_pq.py - run_pq - STDOUT: [05/29/2025 14:40:40 UTC] Processing Metadata...
2025-05-29 16:40:40,360 - logger - INFO - run_pq.py - run_pq - STDOUT: [05/29/2025 14:40:40 UTC] Exporting...
2025-05-29 16:40:40,412 - logger - INFO - run_pq.py - run_pq - STDOUT: [05/29/2025 14:40:40 UTC] Found 4 patterns in 00:00:00.3051514.
2025-05-29 16:40:40,447 - logger - INFO - run_pq.py - run_pq - PQ process completed successfully
2025-05-29 16:40:40,447 - logger - INFO - run_pq.py - extract_results - Extractiong results
2025-05-29 16:40:40,595 - logger - INFO - run_pq.py - run_pq - STDOUT: Queries 1.1.23.12.27b, (c) David Sehnal
2025-05-29 16:40:40,596 - logger - INFO - run_pq.py - run_pq - STDOUT: 
2025-05-29 16:40:41,447 - logger - INFO - run_pq.py - run_pq - STDOUT: [05/29/2025 14:40:41 UTC] [1/1] 0_4z4u: Patterns 2 Load 144ms Query 37ms.
2025-05-29 16:40:41,472 - logger - INFO - run_pq.py - run_pq - STDOUT: [05/29/2025 14:40:41 UTC] Waiting for query tasks to finish...
2025-05-29 16:40:41,494 - logger - INFO - run_pq.py - run_pq - STDOUT: [05/29/2025 14:40:41 UTC] Processing Metadata...
2025-05-29 16:40:41,497 - logger - INFO - run_pq.py - run_pq - STDOUT: [05/29/2025 14:40:41 UTC] Exporting...
2025-05-29 16:40:41,542 - logger - INFO - run_pq.py - run_pq - STDOUT: [05/29/2025 14:40:41 UTC] Found 2 patterns in 00:00:00.2858742.
2025-05-29 16:40:41,573 - logger - INFO - run_pq.py - run_pq - PQ process completed successfully
2025-05-29 16:40:41,574 - logger - INFO - run_pq.py - extract_results - Extractiong results
2025-05-29 16:40:41,762 - logger - INFO - run_pq.py - run_pq - STDOUT: Queries 1.1.23.12.27b, (c) David Sehnal
2025-05-29 16:40:41,763 - logger - INFO - run_pq.py - run_pq - STDOUT: 
2025-05-29 16:40:42,608 - logger - INFO - run_pq.py - run_pq - STDOUT: [05/29/2025 14:40:42 UTC] [1/1] 0_4z4v: Patterns 1 Load 144ms Query 37ms.
2025-05-29 16:40:42,632 - logger - INFO - run_pq.py - run_pq - STDOUT: [05/29/2025 14:40:42 UTC] Waiting for query tasks to finish...
2025-05-29 16:40:42,654 - logger - INFO - run_pq.py - run_pq - STDOUT: [05/29/2025 14:40:42 UTC] Processing Metadata...
2025-05-29 16:40:42,657 - logger - INFO - run_pq.py - run_pq - STDOUT: [05/29/2025 14:40:42 UTC] Exporting...
2025-05-29 16:40:42,700 - logger - INFO - run_pq.py - run_pq - STDOUT: [05/29/2025 14:40:42 UTC] Found 1 patterns in 00:00:00.2837503.
2025-05-29 16:40:42,736 - logger - INFO - run_pq.py - run_pq - PQ process completed successfully
2025-05-29 16:40:42,736 - logger - INFO - run_pq.py - extract_results - Extractiong results
2025-05-29 16:40:42,883 - logger - INFO - run_pq.py - run_pq - STDOUT: Queries 1.1.23.12.27b, (c) David Sehnal
2025-05-29 16:40:42,883 - logger - INFO - run_pq.py - run_pq - STDOUT: 
2025-05-29 16:40:43,737 - logger - INFO - run_pq.py - run_pq - STDOUT: [05/29/2025 14:40:43 UTC] [1/1] 0_4z4w: Patterns 1 Load 146ms Query 37ms.
2025-05-29 16:40:43,763 - logger - INFO - run_pq.py - run_pq - STDOUT: [05/29/2025 14:40:43 UTC] Waiting for query tasks to finish...
2025-05-29 16:40:43,784 - logger - INFO - run_pq.py - run_pq - STDOUT: [05/29/2025 14:40:43 UTC] Processing Metadata...
2025-05-29 16:40:43,788 - logger - INFO - run_pq.py - run_pq - STDOUT: [05/29/2025 14:40:43 UTC] Exporting...
2025-05-29 16:40:43,833 - logger - INFO - run_pq.py - run_pq - STDOUT: [05/29/2025 14:40:43 UTC] Found 1 patterns in 00:00:00.2894941.
2025-05-29 16:40:43,867 - logger - INFO - run_pq.py - run_pq - PQ process completed successfully
2025-05-29 16:40:43,867 - logger - INFO - run_pq.py - extract_results - Extractiong results
2025-05-29 16:40:44,013 - logger - INFO - run_pq.py - run_pq - STDOUT: Queries 1.1.23.12.27b, (c) David Sehnal
2025-05-29 16:40:44,014 - logger - INFO - run_pq.py - run_pq - STDOUT: 
2025-05-29 16:40:44,838 - logger - INFO - run_pq.py - run_pq - STDOUT: [05/29/2025 14:40:44 UTC] [1/1] A_5ajc: Patterns 1 Load 116ms Query 37ms.
2025-05-29 16:40:44,863 - logger - INFO - run_pq.py - run_pq - STDOUT: [05/29/2025 14:40:44 UTC] Waiting for query tasks to finish...
2025-05-29 16:40:44,889 - logger - INFO - run_pq.py - run_pq - STDOUT: [05/29/2025 14:40:44 UTC] Processing Metadata...
2025-05-29 16:40:44,893 - logger - INFO - run_pq.py - run_pq - STDOUT: [05/29/2025 14:40:44 UTC] Exporting...
2025-05-29 16:40:44,934 - logger - INFO - run_pq.py - run_pq - STDOUT: [05/29/2025 14:40:44 UTC] Found 1 patterns in 00:00:00.2599201.
2025-05-29 16:40:44,964 - logger - INFO - run_pq.py - run_pq - PQ process completed successfully
2025-05-29 16:40:44,964 - logger - INFO - run_pq.py - extract_results - Extractiong results
2025-05-29 16:40:45,104 - logger - INFO - run_pq.py - run_pq - STDOUT: Queries 1.1.23.12.27b, (c) David Sehnal
2025-05-29 16:40:45,105 - logger - INFO - run_pq.py - run_pq - STDOUT: 
2025-05-29 16:40:45,938 - logger - INFO - run_pq.py - run_pq - STDOUT: [05/29/2025 14:40:45 UTC] [1/1] B_5ajc: Patterns 3 Load 117ms Query 42ms.
2025-05-29 16:40:45,963 - logger - INFO - run_pq.py - run_pq - STDOUT: [05/29/2025 14:40:45 UTC] Waiting for query tasks to finish...
2025-05-29 16:40:45,993 - logger - INFO - run_pq.py - run_pq - STDOUT: [05/29/2025 14:40:45 UTC] Processing Metadata...
2025-05-29 16:40:45,997 - logger - INFO - run_pq.py - run_pq - STDOUT: [05/29/2025 14:40:45 UTC] Exporting...
2025-05-29 16:40:46,041 - logger - INFO - run_pq.py - run_pq - STDOUT: [05/29/2025 14:40:46 UTC] Found 3 patterns in 00:00:00.2723358.
2025-05-29 16:40:46,074 - logger - INFO - run_pq.py - run_pq - PQ process completed successfully
2025-05-29 16:40:46,075 - logger - INFO - run_pq.py - extract_results - Extractiong results
2025-05-29 16:40:46,265 - logger - INFO - run_pq.py - run_pq - STDOUT: Queries 1.1.23.12.27b, (c) David Sehnal
2025-05-29 16:40:46,266 - logger - INFO - run_pq.py - run_pq - STDOUT: 
2025-05-29 16:40:47,161 - logger - INFO - run_pq.py - run_pq - STDOUT: [05/29/2025 14:40:47 UTC] [1/1] 0_5dyt: Patterns 1 Load 181ms Query 37ms.
2025-05-29 16:40:47,187 - logger - INFO - run_pq.py - run_pq - STDOUT: [05/29/2025 14:40:47 UTC] Waiting for query tasks to finish...
2025-05-29 16:40:47,209 - logger - INFO - run_pq.py - run_pq - STDOUT: [05/29/2025 14:40:47 UTC] Processing Metadata...
2025-05-29 16:40:47,213 - logger - INFO - run_pq.py - run_pq - STDOUT: [05/29/2025 14:40:47 UTC] Exporting...
2025-05-29 16:40:47,258 - logger - INFO - run_pq.py - run_pq - STDOUT: [05/29/2025 14:40:47 UTC] Found 1 patterns in 00:00:00.3249046.
2025-05-29 16:40:47,292 - logger - INFO - run_pq.py - run_pq - PQ process completed successfully
2025-05-29 16:40:47,293 - logger - INFO - run_pq.py - extract_results - Extractiong results
2025-05-29 16:40:47,439 - logger - INFO - run_pq.py - run_pq - STDOUT: Queries 1.1.23.12.27b, (c) David Sehnal
2025-05-29 16:40:47,440 - logger - INFO - run_pq.py - run_pq - STDOUT: 
2025-05-29 16:40:48,283 - logger - INFO - run_pq.py - run_pq - STDOUT: [05/29/2025 14:40:48 UTC] [1/1] 0_5may: Patterns 4 Load 128ms Query 39ms.
2025-05-29 16:40:48,308 - logger - INFO - run_pq.py - run_pq - STDOUT: [05/29/2025 14:40:48 UTC] Waiting for query tasks to finish...
2025-05-29 16:40:48,341 - logger - INFO - run_pq.py - run_pq - STDOUT: [05/29/2025 14:40:48 UTC] Processing Metadata...
2025-05-29 16:40:48,344 - logger - INFO - run_pq.py - run_pq - STDOUT: [05/29/2025 14:40:48 UTC] Exporting...
2025-05-29 16:40:48,391 - logger - INFO - run_pq.py - run_pq - STDOUT: [05/29/2025 14:40:48 UTC] Found 4 patterns in 00:00:00.2855707.
2025-05-29 16:40:48,423 - logger - INFO - run_pq.py - run_pq - PQ process completed successfully
2025-05-29 16:40:48,423 - logger - INFO - run_pq.py - extract_results - Extractiong results
2025-05-29 16:40:48,568 - logger - INFO - run_pq.py - run_pq - STDOUT: Queries 1.1.23.12.27b, (c) David Sehnal
2025-05-29 16:40:48,569 - logger - INFO - run_pq.py - run_pq - STDOUT: 
2025-05-29 16:40:49,411 - logger - INFO - run_pq.py - run_pq - STDOUT: [05/29/2025 14:40:49 UTC] [1/1] 0_5maz: Patterns 4 Load 129ms Query 39ms.
2025-05-29 16:40:49,435 - logger - INFO - run_pq.py - run_pq - STDOUT: [05/29/2025 14:40:49 UTC] Waiting for query tasks to finish...
2025-05-29 16:40:49,469 - logger - INFO - run_pq.py - run_pq - STDOUT: [05/29/2025 14:40:49 UTC] Processing Metadata...
2025-05-29 16:40:49,472 - logger - INFO - run_pq.py - run_pq - STDOUT: [05/29/2025 14:40:49 UTC] Exporting...
2025-05-29 16:40:49,520 - logger - INFO - run_pq.py - run_pq - STDOUT: [05/29/2025 14:40:49 UTC] Found 4 patterns in 00:00:00.2874025.
2025-05-29 16:40:49,553 - logger - INFO - run_pq.py - run_pq - PQ process completed successfully
2025-05-29 16:40:49,554 - logger - INFO - run_pq.py - extract_results - Extractiong results
2025-05-29 16:40:49,702 - logger - INFO - run_pq.py - run_pq - STDOUT: Queries 1.1.23.12.27b, (c) David Sehnal
2025-05-29 16:40:49,703 - logger - INFO - run_pq.py - run_pq - STDOUT: 
2025-05-29 16:40:50,540 - logger - INFO - run_pq.py - run_pq - STDOUT: [05/29/2025 14:40:50 UTC] [1/1] 0_5mb1: Patterns 2 Load 130ms Query 37ms.
2025-05-29 16:40:50,564 - logger - INFO - run_pq.py - run_pq - STDOUT: [05/29/2025 14:40:50 UTC] Waiting for query tasks to finish...
2025-05-29 16:40:50,590 - logger - INFO - run_pq.py - run_pq - STDOUT: [05/29/2025 14:40:50 UTC] Processing Metadata...
2025-05-29 16:40:50,594 - logger - INFO - run_pq.py - run_pq - STDOUT: [05/29/2025 14:40:50 UTC] Exporting...
2025-05-29 16:40:50,640 - logger - INFO - run_pq.py - run_pq - STDOUT: [05/29/2025 14:40:50 UTC] Found 2 patterns in 00:00:00.2782429.
2025-05-29 16:40:50,674 - logger - INFO - run_pq.py - run_pq - PQ process completed successfully
2025-05-29 16:40:50,674 - logger - INFO - run_pq.py - extract_results - Extractiong results
2025-05-29 16:40:50,865 - logger - INFO - run_pq.py - run_pq - STDOUT: Queries 1.1.23.12.27b, (c) David Sehnal
2025-05-29 16:40:50,865 - logger - INFO - run_pq.py - run_pq - STDOUT: 
2025-05-29 16:40:51,697 - logger - INFO - run_pq.py - run_pq - STDOUT: [05/29/2025 14:40:51 UTC] [1/1] 0_5uwc: Patterns 1 Load 123ms Query 37ms.
2025-05-29 16:40:51,723 - logger - INFO - run_pq.py - run_pq - STDOUT: [05/29/2025 14:40:51 UTC] Waiting for query tasks to finish...
2025-05-29 16:40:51,744 - logger - INFO - run_pq.py - run_pq - STDOUT: [05/29/2025 14:40:51 UTC] Processing Metadata...
2025-05-29 16:40:51,750 - logger - INFO - run_pq.py - run_pq - STDOUT: [05/29/2025 14:40:51 UTC] Exporting...
2025-05-29 16:40:51,791 - logger - INFO - run_pq.py - run_pq - STDOUT: [05/29/2025 14:40:51 UTC] Found 1 patterns in 00:00:00.2649852.
2025-05-29 16:40:51,826 - logger - INFO - run_pq.py - run_pq - PQ process completed successfully
2025-05-29 16:40:51,826 - logger - INFO - run_pq.py - extract_results - Extractiong results
2025-05-29 16:40:51,976 - logger - INFO - run_pq.py - run_pq - STDOUT: Queries 1.1.23.12.27b, (c) David Sehnal
2025-05-29 16:40:51,977 - logger - INFO - run_pq.py - run_pq - STDOUT: 
2025-05-29 16:40:52,878 - logger - INFO - run_pq.py - run_pq - STDOUT: [05/29/2025 14:40:52 UTC] [1/1] 0_6hmw: Patterns 10 Load 179ms Query 43ms.
2025-05-29 16:40:52,904 - logger - INFO - run_pq.py - run_pq - STDOUT: [05/29/2025 14:40:52 UTC] Waiting for query tasks to finish...
2025-05-29 16:40:52,947 - logger - INFO - run_pq.py - run_pq - STDOUT: [05/29/2025 14:40:52 UTC] Processing Metadata...
2025-05-29 16:40:52,951 - logger - INFO - run_pq.py - run_pq - STDOUT: [05/29/2025 14:40:52 UTC] Exporting...
2025-05-29 16:40:53,005 - logger - INFO - run_pq.py - run_pq - STDOUT: [05/29/2025 14:40:53 UTC] Found 10 patterns in 00:00:00.3590342.
2025-05-29 16:40:53,041 - logger - INFO - run_pq.py - run_pq - PQ process completed successfully
2025-05-29 16:40:53,041 - logger - INFO - run_pq.py - extract_results - Extractiong results
2025-05-29 16:40:53,192 - logger - INFO - run_pq.py - run_pq - STDOUT: Queries 1.1.23.12.27b, (c) David Sehnal
2025-05-29 16:40:53,193 - logger - INFO - run_pq.py - run_pq - STDOUT: 
2025-05-29 16:40:54,008 - logger - INFO - run_pq.py - run_pq - STDOUT: [05/29/2025 14:40:54 UTC] [1/1] 0_6l6b: Patterns 1 Load 106ms Query 37ms.
2025-05-29 16:40:54,033 - logger - INFO - run_pq.py - run_pq - STDOUT: [05/29/2025 14:40:54 UTC] Waiting for query tasks to finish...
2025-05-29 16:40:54,055 - logger - INFO - run_pq.py - run_pq - STDOUT: [05/29/2025 14:40:54 UTC] Processing Metadata...
2025-05-29 16:40:54,058 - logger - INFO - run_pq.py - run_pq - STDOUT: [05/29/2025 14:40:54 UTC] Exporting...
2025-05-29 16:40:54,101 - logger - INFO - run_pq.py - run_pq - STDOUT: [05/29/2025 14:40:54 UTC] Found 1 patterns in 00:00:00.2452902.
2025-05-29 16:40:54,137 - logger - INFO - run_pq.py - run_pq - PQ process completed successfully
2025-05-29 16:40:54,137 - logger - INFO - run_pq.py - extract_results - Extractiong results
2025-05-29 16:40:54,283 - logger - INFO - run_pq.py - run_pq - STDOUT: Queries 1.1.23.12.27b, (c) David Sehnal
2025-05-29 16:40:54,284 - logger - INFO - run_pq.py - run_pq - STDOUT: 
2025-05-29 16:40:55,186 - logger - INFO - run_pq.py - run_pq - STDOUT: [05/29/2025 14:40:55 UTC] [1/1] 0_6o1a: Patterns 4 Load 187ms Query 39ms.
2025-05-29 16:40:55,210 - logger - INFO - run_pq.py - run_pq - STDOUT: [05/29/2025 14:40:55 UTC] Waiting for query tasks to finish...
2025-05-29 16:40:55,244 - logger - INFO - run_pq.py - run_pq - STDOUT: [05/29/2025 14:40:55 UTC] Processing Metadata...
2025-05-29 16:40:55,248 - logger - INFO - run_pq.py - run_pq - STDOUT: [05/29/2025 14:40:55 UTC] Exporting...
2025-05-29 16:40:55,297 - logger - INFO - run_pq.py - run_pq - STDOUT: [05/29/2025 14:40:55 UTC] Found 4 patterns in 00:00:00.3480514.
2025-05-29 16:40:55,333 - logger - INFO - run_pq.py - run_pq - PQ process completed successfully
2025-05-29 16:40:55,333 - logger - INFO - run_pq.py - extract_results - Extractiong results
2025-05-29 16:40:55,488 - logger - INFO - run_pq.py - run_pq - STDOUT: Queries 1.1.23.12.27b, (c) David Sehnal
2025-05-29 16:40:55,489 - logger - INFO - run_pq.py - run_pq - STDOUT: 
2025-05-29 16:40:56,508 - logger - INFO - run_pq.py - run_pq - STDOUT: [05/29/2025 14:40:56 UTC] [1/1] 0_6o1j: Patterns 7 Load 286ms Query 47ms.
2025-05-29 16:40:56,534 - logger - INFO - run_pq.py - run_pq - STDOUT: [05/29/2025 14:40:56 UTC] Waiting for query tasks to finish...
2025-05-29 16:40:56,577 - logger - INFO - run_pq.py - run_pq - STDOUT: [05/29/2025 14:40:56 UTC] Processing Metadata...
2025-05-29 16:40:56,581 - logger - INFO - run_pq.py - run_pq - STDOUT: [05/29/2025 14:40:56 UTC] Exporting...
2025-05-29 16:40:56,634 - logger - INFO - run_pq.py - run_pq - STDOUT: [05/29/2025 14:40:56 UTC] Found 7 patterns in 00:00:00.4706231.
2025-05-29 16:40:56,668 - logger - INFO - run_pq.py - run_pq - PQ process completed successfully
2025-05-29 16:40:56,669 - logger - INFO - run_pq.py - extract_results - Extractiong results
2025-05-29 16:40:56,862 - logger - INFO - run_pq.py - run_pq - STDOUT: Queries 1.1.23.12.27b, (c) David Sehnal
2025-05-29 16:40:56,863 - logger - INFO - run_pq.py - run_pq - STDOUT: 
2025-05-29 16:40:57,678 - logger - INFO - run_pq.py - run_pq - STDOUT: [05/29/2025 14:40:57 UTC] [1/1] A_6t9a: Patterns 1 Load 112ms Query 37ms.
2025-05-29 16:40:57,702 - logger - INFO - run_pq.py - run_pq - STDOUT: [05/29/2025 14:40:57 UTC] Waiting for query tasks to finish...
2025-05-29 16:40:57,726 - logger - INFO - run_pq.py - run_pq - STDOUT: [05/29/2025 14:40:57 UTC] Processing Metadata...
2025-05-29 16:40:57,729 - logger - INFO - run_pq.py - run_pq - STDOUT: [05/29/2025 14:40:57 UTC] Exporting...
2025-05-29 16:40:57,774 - logger - INFO - run_pq.py - run_pq - STDOUT: [05/29/2025 14:40:57 UTC] Found 1 patterns in 00:00:00.2562087.
2025-05-29 16:40:57,808 - logger - INFO - run_pq.py - run_pq - PQ process completed successfully
2025-05-29 16:40:57,809 - logger - INFO - run_pq.py - extract_results - Extractiong results
2025-05-29 16:40:57,949 - logger - INFO - run_pq.py - run_pq - STDOUT: Queries 1.1.23.12.27b, (c) David Sehnal
2025-05-29 16:40:57,950 - logger - INFO - run_pq.py - run_pq - STDOUT: 
2025-05-29 16:40:58,787 - logger - INFO - run_pq.py - run_pq - STDOUT: [05/29/2025 14:40:58 UTC] [1/1] B_6t9a: Patterns 6 Load 113ms Query 45ms.
2025-05-29 16:40:58,813 - logger - INFO - run_pq.py - run_pq - STDOUT: [05/29/2025 14:40:58 UTC] Waiting for query tasks to finish...
2025-05-29 16:40:58,853 - logger - INFO - run_pq.py - run_pq - STDOUT: [05/29/2025 14:40:58 UTC] Processing Metadata...
2025-05-29 16:40:58,856 - logger - INFO - run_pq.py - run_pq - STDOUT: [05/29/2025 14:40:58 UTC] Exporting...
2025-05-29 16:40:58,908 - logger - INFO - run_pq.py - run_pq - STDOUT: [05/29/2025 14:40:58 UTC] Found 6 patterns in 00:00:00.2898299.
2025-05-29 16:40:58,944 - logger - INFO - run_pq.py - run_pq - PQ process completed successfully
2025-05-29 16:40:58,944 - logger - INFO - run_pq.py - extract_results - Extractiong results
2025-05-29 16:40:59,093 - logger - INFO - run_pq.py - run_pq - STDOUT: Queries 1.1.23.12.27b, (c) David Sehnal
2025-05-29 16:40:59,094 - logger - INFO - run_pq.py - run_pq - STDOUT: 
2025-05-29 16:40:59,934 - logger - INFO - run_pq.py - run_pq - STDOUT: [05/29/2025 14:40:59 UTC] [1/1] 0_6tr3: Patterns 1 Load 134ms Query 37ms.
2025-05-29 16:40:59,958 - logger - INFO - run_pq.py - run_pq - STDOUT: [05/29/2025 14:40:59 UTC] Waiting for query tasks to finish...
2025-05-29 16:40:59,981 - logger - INFO - run_pq.py - run_pq - STDOUT: [05/29/2025 14:40:59 UTC] Processing Metadata...
2025-05-29 16:40:59,984 - logger - INFO - run_pq.py - run_pq - STDOUT: [05/29/2025 14:40:59 UTC] Exporting...
2025-05-29 16:41:00,030 - logger - INFO - run_pq.py - run_pq - STDOUT: [05/29/2025 14:41:00 UTC] Found 1 patterns in 00:00:00.2771644.
2025-05-29 16:41:00,060 - logger - INFO - run_pq.py - run_pq - PQ process completed successfully
2025-05-29 16:41:00,061 - logger - INFO - run_pq.py - extract_results - Extractiong results
2025-05-29 16:41:00,209 - logger - INFO - run_pq.py - run_pq - STDOUT: Queries 1.1.23.12.27b, (c) David Sehnal
2025-05-29 16:41:00,209 - logger - INFO - run_pq.py - run_pq - STDOUT: 
2025-05-29 16:41:01,147 - logger - INFO - run_pq.py - run_pq - STDOUT: [05/29/2025 14:41:01 UTC] [1/1] 0_6tr4: Patterns 1 Load 232ms Query 36ms.
2025-05-29 16:41:01,174 - logger - INFO - run_pq.py - run_pq - STDOUT: [05/29/2025 14:41:01 UTC] Waiting for query tasks to finish...
2025-05-29 16:41:01,196 - logger - INFO - run_pq.py - run_pq - STDOUT: [05/29/2025 14:41:01 UTC] Processing Metadata...
2025-05-29 16:41:01,199 - logger - INFO - run_pq.py - run_pq - STDOUT: [05/29/2025 14:41:01 UTC] Exporting...
2025-05-29 16:41:01,244 - logger - INFO - run_pq.py - run_pq - STDOUT: [05/29/2025 14:41:01 UTC] Found 1 patterns in 00:00:00.3757185.
2025-05-29 16:41:01,279 - logger - INFO - run_pq.py - run_pq - PQ process completed successfully
2025-05-29 16:41:01,279 - logger - INFO - run_pq.py - extract_results - Extractiong results
2025-05-29 16:41:01,466 - logger - INFO - run_pq.py - run_pq - STDOUT: Queries 1.1.23.12.27b, (c) David Sehnal
2025-05-29 16:41:01,467 - logger - INFO - run_pq.py - run_pq - STDOUT: 
2025-05-29 16:41:02,294 - logger - INFO - run_pq.py - run_pq - STDOUT: [05/29/2025 14:41:02 UTC] [1/1] A_6x7j: Patterns 1 Load 123ms Query 37ms.
2025-05-29 16:41:02,319 - logger - INFO - run_pq.py - run_pq - STDOUT: [05/29/2025 14:41:02 UTC] Waiting for query tasks to finish...
2025-05-29 16:41:02,342 - logger - INFO - run_pq.py - run_pq - STDOUT: [05/29/2025 14:41:02 UTC] Processing Metadata...
2025-05-29 16:41:02,346 - logger - INFO - run_pq.py - run_pq - STDOUT: [05/29/2025 14:41:02 UTC] Exporting...
2025-05-29 16:41:02,390 - logger - INFO - run_pq.py - run_pq - STDOUT: [05/29/2025 14:41:02 UTC] Found 1 patterns in 00:00:00.2666109.
2025-05-29 16:41:02,424 - logger - INFO - run_pq.py - run_pq - PQ process completed successfully
2025-05-29 16:41:02,424 - logger - INFO - run_pq.py - extract_results - Extractiong results
2025-05-29 16:41:02,568 - logger - INFO - run_pq.py - run_pq - STDOUT: Queries 1.1.23.12.27b, (c) David Sehnal
2025-05-29 16:41:02,569 - logger - INFO - run_pq.py - run_pq - STDOUT: 
2025-05-29 16:41:03,401 - logger - INFO - run_pq.py - run_pq - STDOUT: [05/29/2025 14:41:03 UTC] [1/1] A_7b7c: Patterns 2 Load 124ms Query 38ms.
2025-05-29 16:41:03,425 - logger - INFO - run_pq.py - run_pq - STDOUT: [05/29/2025 14:41:03 UTC] Waiting for query tasks to finish...
2025-05-29 16:41:03,450 - logger - INFO - run_pq.py - run_pq - STDOUT: [05/29/2025 14:41:03 UTC] Processing Metadata...
2025-05-29 16:41:03,453 - logger - INFO - run_pq.py - run_pq - STDOUT: [05/29/2025 14:41:03 UTC] Exporting...
2025-05-29 16:41:03,497 - logger - INFO - run_pq.py - run_pq - STDOUT: [05/29/2025 14:41:03 UTC] Found 2 patterns in 00:00:00.2677795.
2025-05-29 16:41:03,530 - logger - INFO - run_pq.py - run_pq - PQ process completed successfully
2025-05-29 16:41:03,531 - logger - INFO - run_pq.py - extract_results - Extractiong results
2025-05-29 16:41:03,674 - logger - INFO - run_pq.py - run_pq - STDOUT: Queries 1.1.23.12.27b, (c) David Sehnal
2025-05-29 16:41:03,675 - logger - INFO - run_pq.py - run_pq - STDOUT: 
2025-05-29 16:41:04,501 - logger - INFO - run_pq.py - run_pq - STDOUT: [05/29/2025 14:41:04 UTC] [1/1] A_7b7f: Patterns 1 Load 123ms Query 37ms.
2025-05-29 16:41:04,524 - logger - INFO - run_pq.py - run_pq - STDOUT: [05/29/2025 14:41:04 UTC] Waiting for query tasks to finish...
2025-05-29 16:41:04,546 - logger - INFO - run_pq.py - run_pq - STDOUT: [05/29/2025 14:41:04 UTC] Processing Metadata...
2025-05-29 16:41:04,550 - logger - INFO - run_pq.py - run_pq - STDOUT: [05/29/2025 14:41:04 UTC] Exporting...
2025-05-29 16:41:04,592 - logger - INFO - run_pq.py - run_pq - STDOUT: [05/29/2025 14:41:04 UTC] Found 1 patterns in 00:00:00.2619554.
2025-05-29 16:41:04,626 - logger - INFO - run_pq.py - run_pq - PQ process completed successfully
2025-05-29 16:41:04,626 - logger - INFO - run_pq.py - extract_results - Extractiong results
2025-05-29 16:41:04,771 - logger - INFO - run_pq.py - run_pq - STDOUT: Queries 1.1.23.12.27b, (c) David Sehnal
2025-05-29 16:41:04,771 - logger - INFO - run_pq.py - run_pq - STDOUT: 
2025-05-29 16:41:05,602 - logger - INFO - run_pq.py - run_pq - STDOUT: [05/29/2025 14:41:05 UTC] [1/1] B_7b7f: Patterns 1 Load 125ms Query 37ms.
2025-05-29 16:41:05,626 - logger - INFO - run_pq.py - run_pq - STDOUT: [05/29/2025 14:41:05 UTC] Waiting for query tasks to finish...
2025-05-29 16:41:05,648 - logger - INFO - run_pq.py - run_pq - STDOUT: [05/29/2025 14:41:05 UTC] Processing Metadata...
2025-05-29 16:41:05,651 - logger - INFO - run_pq.py - run_pq - STDOUT: [05/29/2025 14:41:05 UTC] Exporting...
2025-05-29 16:41:05,694 - logger - INFO - run_pq.py - run_pq - STDOUT: [05/29/2025 14:41:05 UTC] Found 1 patterns in 00:00:00.2639787.
2025-05-29 16:41:05,729 - logger - INFO - run_pq.py - run_pq - PQ process completed successfully
2025-05-29 16:41:05,729 - logger - INFO - run_pq.py - extract_results - Extractiong results
2025-05-29 16:41:05,918 - logger - INFO - run_pq.py - run_pq - STDOUT: Queries 1.1.23.12.27b, (c) David Sehnal
2025-05-29 16:41:05,919 - logger - INFO - run_pq.py - run_pq - STDOUT: 
2025-05-29 16:41:06,747 - logger - INFO - run_pq.py - run_pq - STDOUT: [05/29/2025 14:41:06 UTC] [1/1] B_7bb4: Patterns 3 Load 124ms Query 39ms.
2025-05-29 16:41:06,770 - logger - INFO - run_pq.py - run_pq - STDOUT: [05/29/2025 14:41:06 UTC] Waiting for query tasks to finish...
2025-05-29 16:41:06,798 - logger - INFO - run_pq.py - run_pq - STDOUT: [05/29/2025 14:41:06 UTC] Processing Metadata...
2025-05-29 16:41:06,802 - logger - INFO - run_pq.py - run_pq - STDOUT: [05/29/2025 14:41:06 UTC] Exporting...
2025-05-29 16:41:06,849 - logger - INFO - run_pq.py - run_pq - STDOUT: [05/29/2025 14:41:06 UTC] Found 3 patterns in 00:00:00.2754822.
2025-05-29 16:41:06,879 - logger - INFO - run_pq.py - run_pq - PQ process completed successfully
2025-05-29 16:41:06,880 - logger - INFO - run_pq.py - extract_results - Extractiong results
2025-05-29 16:41:07,027 - logger - INFO - run_pq.py - run_pq - STDOUT: Queries 1.1.23.12.27b, (c) David Sehnal
2025-05-29 16:41:07,027 - logger - INFO - run_pq.py - run_pq - STDOUT: 
2025-05-29 16:41:07,904 - logger - INFO - run_pq.py - run_pq - STDOUT: [05/29/2025 14:41:07 UTC] [1/1] A_7c38: Patterns 4 Load 155ms Query 44ms.
2025-05-29 16:41:07,930 - logger - INFO - run_pq.py - run_pq - STDOUT: [05/29/2025 14:41:07 UTC] Waiting for query tasks to finish...
2025-05-29 16:41:07,960 - logger - INFO - run_pq.py - run_pq - STDOUT: [05/29/2025 14:41:07 UTC] Processing Metadata...
2025-05-29 16:41:07,964 - logger - INFO - run_pq.py - run_pq - STDOUT: [05/29/2025 14:41:07 UTC] Exporting...
2025-05-29 16:41:08,014 - logger - INFO - run_pq.py - run_pq - STDOUT: [05/29/2025 14:41:08 UTC] Found 4 patterns in 00:00:00.3189361.
2025-05-29 16:41:08,049 - logger - INFO - run_pq.py - run_pq - PQ process completed successfully
2025-05-29 16:41:08,050 - logger - INFO - run_pq.py - extract_results - Extractiong results
2025-05-29 16:41:08,195 - logger - INFO - run_pq.py - run_pq - STDOUT: Queries 1.1.23.12.27b, (c) David Sehnal
2025-05-29 16:41:08,196 - logger - INFO - run_pq.py - run_pq - STDOUT: 
2025-05-29 16:41:09,058 - logger - INFO - run_pq.py - run_pq - STDOUT: [05/29/2025 14:41:09 UTC] [1/1] B_7c38: Patterns 2 Load 153ms Query 41ms.
2025-05-29 16:41:09,082 - logger - INFO - run_pq.py - run_pq - STDOUT: [05/29/2025 14:41:09 UTC] Waiting for query tasks to finish...
2025-05-29 16:41:09,108 - logger - INFO - run_pq.py - run_pq - STDOUT: [05/29/2025 14:41:09 UTC] Processing Metadata...
2025-05-29 16:41:09,112 - logger - INFO - run_pq.py - run_pq - STDOUT: [05/29/2025 14:41:09 UTC] Exporting...
2025-05-29 16:41:09,156 - logger - INFO - run_pq.py - run_pq - STDOUT: [05/29/2025 14:41:09 UTC] Found 2 patterns in 00:00:00.3022599.
2025-05-29 16:41:09,189 - logger - INFO - run_pq.py - run_pq - PQ process completed successfully
2025-05-29 16:41:09,190 - logger - INFO - run_pq.py - extract_results - Extractiong results
2025-05-29 16:41:09,331 - logger - INFO - run_pq.py - run_pq - STDOUT: Queries 1.1.23.12.27b, (c) David Sehnal
2025-05-29 16:41:09,332 - logger - INFO - run_pq.py - run_pq - STDOUT: 
2025-05-29 16:41:10,162 - logger - INFO - run_pq.py - run_pq - STDOUT: [05/29/2025 14:41:10 UTC] [1/1] 0_7mzq: Patterns 1 Load 119ms Query 41ms.
2025-05-29 16:41:10,186 - logger - INFO - run_pq.py - run_pq - STDOUT: [05/29/2025 14:41:10 UTC] Waiting for query tasks to finish...
2025-05-29 16:41:10,212 - logger - INFO - run_pq.py - run_pq - STDOUT: [05/29/2025 14:41:10 UTC] Processing Metadata...
2025-05-29 16:41:10,216 - logger - INFO - run_pq.py - run_pq - STDOUT: [05/29/2025 14:41:10 UTC] Exporting...
2025-05-29 16:41:10,258 - logger - INFO - run_pq.py - run_pq - STDOUT: [05/29/2025 14:41:10 UTC] Found 1 patterns in 00:00:00.2658281.
2025-05-29 16:41:10,291 - logger - INFO - run_pq.py - run_pq - PQ process completed successfully
2025-05-29 16:41:10,292 - logger - INFO - run_pq.py - extract_results - Extractiong results
2025-05-29 16:41:10,496 - logger - INFO - run_pq.py - run_pq - STDOUT: Queries 1.1.23.12.27b, (c) David Sehnal
2025-05-29 16:41:10,497 - logger - INFO - run_pq.py - run_pq - STDOUT: 
2025-05-29 16:41:11,568 - logger - INFO - run_pq.py - run_pq - STDOUT: [05/29/2025 14:41:11 UTC] [1/1] 0_9eu3: Patterns 4 Load 346ms Query 44ms.
2025-05-29 16:41:11,594 - logger - INFO - run_pq.py - run_pq - STDOUT: [05/29/2025 14:41:11 UTC] Waiting for query tasks to finish...
2025-05-29 16:41:11,650 - logger - INFO - run_pq.py - run_pq - STDOUT: [05/29/2025 14:41:11 UTC] Processing Metadata...
2025-05-29 16:41:11,653 - logger - INFO - run_pq.py - run_pq - STDOUT: [05/29/2025 14:41:11 UTC] Exporting...
2025-05-29 16:41:11,701 - logger - INFO - run_pq.py - run_pq - STDOUT: [05/29/2025 14:41:11 UTC] Found 4 patterns in 00:00:00.5334760.
2025-05-29 16:41:11,735 - logger - INFO - run_pq.py - run_pq - PQ process completed successfully
2025-05-29 16:41:11,736 - logger - INFO - run_pq.py - extract_results - Extractiong results
2025-05-29 16:41:11,884 - logger - INFO - run_pq.py - run_pq - STDOUT: Queries 1.1.23.12.27b, (c) David Sehnal
2025-05-29 16:41:11,884 - logger - INFO - run_pq.py - run_pq - STDOUT: 
2025-05-29 16:41:12,758 - logger - INFO - run_pq.py - run_pq - STDOUT: [05/29/2025 14:41:12 UTC] [1/1] 0_9eu4: Patterns 2 Load 157ms Query 47ms.
2025-05-29 16:41:12,783 - logger - INFO - run_pq.py - run_pq - STDOUT: [05/29/2025 14:41:12 UTC] Waiting for query tasks to finish...
2025-05-29 16:41:12,811 - logger - INFO - run_pq.py - run_pq - STDOUT: [05/29/2025 14:41:12 UTC] Processing Metadata...
2025-05-29 16:41:12,815 - logger - INFO - run_pq.py - run_pq - STDOUT: [05/29/2025 14:41:12 UTC] Exporting...
2025-05-29 16:41:12,860 - logger - INFO - run_pq.py - run_pq - STDOUT: [05/29/2025 14:41:12 UTC] Found 2 patterns in 00:00:00.3160708.
2025-05-29 16:41:12,892 - logger - INFO - run_pq.py - run_pq - PQ process completed successfully
2025-05-29 16:41:12,892 - logger - INFO - run_pq.py - extract_results - Extractiong results
2025-05-29 16:41:12,906 - logger - INFO - perform_alignment.py - refine_binding_sites - Refining sugar surroundings
2025-05-29 16:41:13,468 - logger - INFO - perform_alignment.py - refine_binding_sites - Number of surroundings with less than 5 AA: 4
2025-05-29 16:41:13,469 - logger - INFO - perform_alignment.py - refine_binding_sites - Number of surroundings with more than 10 AA: 92
2025-05-29 16:41:13,469 - logger - INFO - perform_alignment.py - all_against_all_alignment - Performing alignment
2025-05-29 16:41:43,217 - logger - INFO - cluster_data.py - perform_data_clustering - Clustering data from super
2025-05-29 16:41:43,334 - logger - INFO - cluster_data.py - perform_data_clustering - Color threshold is: 8.320360902945295
2025-05-29 16:41:43,408 - logger - INFO - cluster_data.py - perform_data_clustering - Clustering data from align
2025-05-29 16:41:43,433 - logger - INFO - cluster_data.py - perform_data_clustering - Color threshold is: 6.413486854136174
2025-05-29 16:41:43,490 - logger - INFO - compare_clusters.py - compare_clusters - Comparing clusters
2025-05-29 16:41:43,490 - logger - INFO - compare_clusters.py - compare_clusters - Overall spread from super: {'1': {'14', '2'}, '2': {'16', '13'}, '3': {'4', '3'}, '4': {'8'}, '5': {'9'}, '6': {'9'}, '7': {'13'}, '8': {'12'}, '9': {'13'}, '10': {'19'}, '11': {'11', '1'}, '12': {'17'}, '13': {'15'}, '14': {'6', '7'}, '15': {'10', '16'}, '16': {'10'}, '17': {'18'}, '18': {'5'}, '19': {'7'}, '20': {'20'}}
2025-05-29 16:41:43,491 - logger - INFO - compare_clusters.py - compare_clusters - Overall spread from align: {'1': {'11'}, '2': {'1'}, '3': {'3'}, '4': {'3'}, '5': {'18'}, '6': {'14'}, '7': {'14', '19'}, '8': {'4'}, '9': {'6', '5'}, '10': {'15', '16'}, '11': {'11'}, '12': {'8'}, '13': {'2', '7', '9'}, '14': {'1'}, '15': {'13'}, '16': {'15', '2'}, '17': {'12'}, '18': {'17'}, '19': {'10'}, '20': {'20'}}
2025-05-29 16:41:43,491 - logger - INFO - create_tanglegram.py - create_tanglegram - Creating tanglegram
2025-05-29 16:41:44,900 - logger - INFO - structure_motif_search.py - extract_representatives - Extracting representatives
2025-05-29 16:41:44,903 - logger - INFO - structure_motif_search.py - structure_motif_search - Performing structure motif search for 0_0_5uwc_FUL_3_A
2025-05-29 16:41:57,277 - logger - INFO - structure_motif_search.py - structure_motif_search - Performing structure motif search for 106_0_6l6b_FUL_201_A
2025-05-29 16:42:10,677 - logger - INFO - structure_motif_search.py - structure_motif_search - Performing structure motif search for 12_0_4z4t_FUL_606_B
2025-05-29 16:42:27,011 - logger - INFO - structure_motif_search.py - structure_motif_search - Performing structure motif search for 13_B_7bb4_FUL_403_A
2025-05-29 16:42:38,584 - logger - INFO - structure_motif_search.py - structure_motif_search - Performing structure motif search for 17_0_5maz_FUL_203_A
2025-05-29 16:42:46,913 - logger - INFO - structure_motif_search.py - structure_motif_search - Performing structure motif search for 19_0_4z4s_FUL_606_A
2025-05-29 16:43:03,198 - logger - INFO - structure_motif_search.py - structure_motif_search - Performing structure motif search for 1_B_6t9a_FUL_102_A
2025-05-29 16:43:14,496 - logger - INFO - structure_motif_search.py - structure_motif_search - Performing structure motif search for 3_0_4a34_FUL_1142_R
2025-05-29 16:43:27,048 - logger - INFO - structure_motif_search.py - structure_motif_search - Performing structure motif search for 40_0_7mzq_FUL_301_A
2025-05-29 16:43:36,995 - logger - INFO - structure_motif_search.py - structure_motif_search - Performing structure motif search for 44_B_7bb4_FUL_416_A
2025-05-29 16:43:48,895 - logger - INFO - structure_motif_search.py - structure_motif_search - Performing structure motif search for 47_0_6o1j_FUL_401_F
2025-05-29 16:44:00,226 - logger - INFO - structure_motif_search.py - structure_motif_search - Performing structure motif search for 4_0_9eu4_FUL_501_B
2025-05-29 16:44:11,994 - logger - INFO - structure_motif_search.py - structure_motif_search - Performing structure motif search for 5_0_4gvx_FUL_304_B
2025-05-29 16:44:28,836 - logger - INFO - structure_motif_search.py - structure_motif_search - Performing structure motif search for 60_0_4xpq_FUL_1004_A
2025-05-29 16:44:41,335 - logger - INFO - structure_motif_search.py - structure_motif_search - Performing structure motif search for 61_0_4z4s_FUL_604_B
2025-05-29 16:44:52,116 - logger - INFO - structure_motif_search.py - structure_motif_search - Performing structure motif search for 69_0_4xpq_FUL_1002_A
2025-05-29 16:45:08,192 - logger - INFO - structure_motif_search.py - structure_motif_search - Performing structure motif search for 6_A_1ofz_FUL_1317_A
2025-05-29 16:45:18,154 - logger - INFO - structure_motif_search.py - structure_motif_search - Performing structure motif search for 77_0_5dyt_FUL_606_B
2025-05-29 16:45:31,894 - logger - INFO - structure_motif_search.py - structure_motif_search - Performing structure motif search for 83_0_4xpq_FUL_1003_A
2025-05-29 16:45:43,573 - logger - INFO - structure_motif_search.py - structure_motif_search - Performing structure motif search for 9_0_2j1s_FUL_1153_B
2025-05-29 16:45:54,088 - logger - INFO - configuration.py - clear_current_run - File ../.current_run deleted successfully.
